#
# A fatal error has been detected by the Java Runtime Environment:
#
#  SIGSEGV (0xb) at pc=0x00007f091788e720, pid=25484, tid=139676539410176
#
# JRE version: Java(TM) SE Runtime Environment (8.0_65-b17) (build 1.8.0_65-b17)
# Java VM: Java HotSpot(TM) 64-Bit Server VM (25.65-b01 mixed mode linux-amd64 compressed oops)
# Problematic frame:
# V  [libjvm.so+0x8a5720]  Method::checked_resolve_jmethod_id(_jmethodID*)+0x20
#
# Failed to write core dump. Core dumps have been disabled. To enable core dumping, try "ulimit -c unlimited" before starting Java again
#
# If you would like to submit a bug report, please visit:
#   http://bugreport.java.com/bugreport/crash.jsp
#

---------------  T H R E A D  ---------------

Current thread (0x00007f09100c5000):  JavaThread "JDWP Transport Listener: dt_socket" daemon [_thread_in_vm, id=25504, stack(0x00007f08fa73d000,0x00007f08fa83e000)]

siginfo: si_signo: 11 (SIGSEGV), si_code: 1 (SEGV_MAPERR), si_addr: 0x0000000000000007

Registers:
RAX=0x0000000000000001, RBX=0x00007f0910003c60, RCX=0x00007f09189c0340, RDX=0x00007f0917f98320
RSP=0x00007f08fa83c850, RBP=0x00007f08fa83c860, RSI=0x00007f09100c5000, RDI=0x0000000000000007
R8 =0x00007f08c8003690, R9 =0x0000000000000000, R10=0x0000000000000010, R11=0x00007f091814a240
R12=0x0000000000000017, R13=0x0000000000000007, R14=0x00007f09100c5000, R15=0x00007f08fa83c967
RIP=0x00007f091788e720, EFLAGS=0x0000000000010202, CSGSFS=0x0000000000000033, ERR=0x0000000000000004
  TRAPNO=0x000000000000000e

Top of Stack: (sp=0x00007f08fa83c850)
0x00007f08fa83c850:   0000000000000074 00007f0910003c60
0x00007f08fa83c860:   00007f08fa83c8d0 00007f091771f1fe
0x00007f08fa83c870:   00007f08fa83c890 00007f08fa83c880
0x00007f08fa83c880:   00007f09100c5000 0000000000000000
0x00007f08fa83c890:   00007f0800000000 0000000000000000
0x00007f08fa83c8a0:   00007f08fa83c8c0 00007f091669de40
0x00007f08fa83c8b0:   0000000000000007 00007f08fa83c967
0x00007f08fa83c8c0:   0000000000000003 00007f08fa83c967
0x00007f08fa83c8d0:   00007f08fa83c900 00007f09164898c2
0x00007f08fa83c8e0:   00007f08fa83c900 0000000000000007
0x00007f08fa83c8f0:   00007f08fa83c9d0 0000000000000018
0x00007f08fa83c900:   00007f08fa83c990 00007f091646aaa0
0x00007f08fa83c910:   00007f08fa83c948 00007f08fa83c940
0x00007f08fa83c920:   00007f08fa83c938 00007f08fa83c95c
0x00007f08fa83c930:   00000001c8002f20 0000000000000000
0x00007f08fa83c940:   0000000000000000 0000000000000000
0x00007f08fa83c950:   00007f08c800e3e0 00000001fa83c9d0
0x00007f08fa83c960:   0000000000000004 0000000000000002
0x00007f08fa83c970:   000000000000000f 0000000000000002
0x00007f08fa83c980:   00000000000f0200 000000000000000f
0x00007f08fa83c990:   00007f08fa83cbe0 00007f09164759c6
0x00007f08fa83c9a0:   000047ce00000013 00007f09170f0200
0x00007f08fa83c9b0:   00007f08c0000ba0 0000000000000000
0x00007f08fa83c9c0:   00007f08fa83c9d0 00007f08fa83cb60
0x00007f08fa83c9d0:   00007f08fa83caa5 00007f09000000a7
0x00007f08fa83c9e0:   00007f08fa83c9e8 0000000000000085
0x00007f08fa83c9f0:   00007f08fa83ca20 0000000000000000
0x00007f08fa83ca00:   00007f0000000000 000047ce0000000f
0x00007f08fa83ca10:   00007f080000cb80 00007f08fa83ca20
0x00007f08fa83ca20:   087f000004000000 06000000105b00c8
0x00007f08fa83ca30:   00003e74696e693c 0000005629280300
0x00007f08fa83ca40:   7f00000100000000 000000205b00c808 

Instructions: (pc=0x00007f091788e720)
0x00007f091788e700:   55 48 89 e5 53 48 83 ec 08 48 85 ff 75 12 31 db
0x00007f091788e710:   48 89 d8 48 83 c4 08 5b c9 c3 66 0f 1f 44 00 00
0x00007f091788e720:   48 8b 1f 48 85 db 74 e6 48 83 fb 37 74 e0 48 8b
0x00007f091788e730:   03 48 89 df ff 50 10 84 c0 0f 1f 80 00 00 00 00 

Register to memory mapping:

RAX=0x0000000000000001 is an unknown value
RBX=0x00007f0910003c60 is an unknown value
RCX=0x00007f09189c0340: <offset 0x219340> in /lib/x86_64-linux-gnu/libpthread.so.0 at 0x00007f09187a7000
RDX=0x00007f0917f98320: <offset 0xfaf320> in /usr/java/jdk1.8.0_65/jre/lib/amd64/server/libjvm.so at 0x00007f0916fe9000
RSP=0x00007f08fa83c850 is pointing into the stack for thread: 0x00007f09100c5000
RBP=0x00007f08fa83c860 is pointing into the stack for thread: 0x00007f09100c5000
RSI=0x00007f09100c5000 is a thread
RDI=0x0000000000000007 is an unknown value
R8 =0x00007f08c8003690 is an unknown value
R9 =0x0000000000000000 is an unknown value
R10=0x0000000000000010 is an unknown value
R11=0x00007f091814a240: <offset 0x187240> in /lib/x86_64-linux-gnu/libc.so.6 at 0x00007f0917fc3000
R12=0x0000000000000017 is an unknown value
R13=0x0000000000000007 is an unknown value
R14=0x00007f09100c5000 is a thread
R15=0x00007f08fa83c967 is pointing into the stack for thread: 0x00007f09100c5000


Stack: [0x00007f08fa73d000,0x00007f08fa83e000],  sp=0x00007f08fa83c850,  free space=1022k
Native frames: (J=compiled Java code, j=interpreted, Vv=VM code, C=native code)
V  [libjvm.so+0x8a5720]  Method::checked_resolve_jmethod_id(_jmethodID*)+0x20
V  [libjvm.so+0x7361fe]  jvmti_IsMethodSynthetic+0x2be
C  [libjdwp.so+0x258c2]  isMethodSynthetic+0x42
C  [libjdwp.so+0x6aa0]  methods1+0x1b0
C  [libjdwp.so+0x119c6]  debugLoop_run+0x2b6
C  [libjdwp.so+0x247ff]  attachThread+0x2f
V  [libjvm.so+0x7a2982]  JvmtiAgentThread::call_start_function()+0xc2
V  [libjvm.so+0xa68f3f]  JavaThread::thread_main_inner()+0xdf
V  [libjvm.so+0xa6906c]  JavaThread::run()+0x11c
V  [libjvm.so+0x91cb88]  java_start(Thread*)+0x108
C  [libpthread.so.0+0x76aa]  start_thread+0xca


---------------  P R O C E S S  ---------------

Java Threads: ( => current thread )
  0x00007f09100d6000 JavaThread "Service Thread" daemon [_thread_blocked, id=25518, stack(0x00007f08fa137000,0x00007f08fa238000)]
  0x00007f09100d0000 JavaThread "C1 CompilerThread2" daemon [_thread_blocked, id=25517, stack(0x00007f08fa238000,0x00007f08fa339000)]
  0x00007f09100ce000 JavaThread "C2 CompilerThread1" daemon [_thread_blocked, id=25516, stack(0x00007f08fa339000,0x00007f08fa43a000)]
  0x00007f09100cb000 JavaThread "C2 CompilerThread0" daemon [_thread_blocked, id=25515, stack(0x00007f08fa43a000,0x00007f08fa53b000)]
  0x00007f08c8001000 JavaThread "JDWP Command Reader" daemon [_thread_in_native, id=25508, stack(0x00007f08fa53b000,0x00007f08fa63c000)]
  0x00007f09100c8800 JavaThread "JDWP Event Helper Thread" daemon [_thread_blocked, id=25507, stack(0x00007f08fa63c000,0x00007f08fa73d000)]
=>0x00007f09100c5000 JavaThread "JDWP Transport Listener: dt_socket" daemon [_thread_in_vm, id=25504, stack(0x00007f08fa73d000,0x00007f08fa83e000)]
  0x00007f09100b9000 JavaThread "Signal Dispatcher" daemon [_thread_blocked, id=25503, stack(0x00007f08faa42000,0x00007f08fab43000)]
  0x00007f0910082000 JavaThread "Finalizer" daemon [_thread_blocked, id=25499, stack(0x00007f08fab43000,0x00007f08fac44000)]
  0x00007f091007f800 JavaThread "Reference Handler" daemon [_thread_blocked, id=25498, stack(0x00007f08fac44000,0x00007f08fad45000)]
  0x00007f091000c800 JavaThread "main" [_thread_blocked, id=25485, stack(0x00007f0918aba000,0x00007f0918bbb000)]

Other Threads:
  0x00007f091007a800 VMThread [stack: 0x00007f08fad45000,0x00007f08fae46000] [id=25497]
  0x00007f09100d8800 WatcherThread [stack: 0x00007f08fa036000,0x00007f08fa137000] [id=25519]

VM state:not at safepoint (normal execution)

VM Mutex/Monitor currently owned by a thread: None

Heap:
 PSYoungGen      total 74752K, used 3870K [0x000000076ce00000, 0x0000000772100000, 0x00000007c0000000)
  eden space 64512K, 6% used [0x000000076ce00000,0x000000076d1c7b10,0x0000000770d00000)
  from space 10240K, 0% used [0x0000000771700000,0x0000000771700000,0x0000000772100000)
  to   space 10240K, 0% used [0x0000000770d00000,0x0000000770d00000,0x0000000771700000)
 ParOldGen       total 171008K, used 0K [0x00000006c6a00000, 0x00000006d1100000, 0x000000076ce00000)
  object space 171008K, 0% used [0x00000006c6a00000,0x00000006c6a00000,0x00000006d1100000)
 Metaspace       used 2682K, capacity 4494K, committed 4864K, reserved 1056768K
  class space    used 286K, capacity 386K, committed 512K, reserved 1048576K

Card table byte_map: [0x00007f09149b1000,0x00007f091517d000] byte_map_base: 0x00007f091137c000

Marking Bits: (ParMarkBitMap*) 0x00007f0917f97de0
 Begin Bits: [0x00007f08dc350000, 0x00007f08e01a8000)
 End Bits:   [0x00007f08e01a8000, 0x00007f08e4000000)

Polling page: 0x00007f0918be5000

CodeCache: size=245760Kb used=1111Kb max_used=1114Kb free=244648Kb
 bounds [0x00007f0901000000, 0x00007f0901270000, 0x00007f0910000000]
 total_blobs=258 nmethods=35 adapters=145
 compilation: enabled

Compilation events (10 events):
Event: 0.144 Thread 0x00007f09100d0000   31       1       java.net.URL::getAuthority (5 bytes)
Event: 0.144 Thread 0x00007f09100d0000 nmethod 31 0x00007f0901115510 code [0x00007f0901115660, 0x00007f0901115770]
Event: 0.147 Thread 0x00007f09100d0000   32  s    1       java.util.Vector::size (5 bytes)
Event: 0.148 Thread 0x00007f09100d0000 nmethod 32 0x00007f09011150d0 code [0x00007f0901115220, 0x00007f0901115490]
Event: 0.148 Thread 0x00007f09100d0000   33       1       java.util.ArrayList::size (5 bytes)
Event: 0.148 Thread 0x00007f09100d0000 nmethod 33 0x00007f0901114e10 code [0x00007f0901114f60, 0x00007f0901115070]
Event: 0.148 Thread 0x00007f09100d0000   34       3       java.lang.String::startsWith (7 bytes)
Event: 0.148 Thread 0x00007f09100d0000 nmethod 34 0x00007f09011149d0 code [0x00007f0901114b40, 0x00007f0901114d68]
Event: 0.148 Thread 0x00007f09100d0000   35       3       java.lang.AbstractStringBuilder::expandCapacity (50 bytes)
Event: 0.148 Thread 0x00007f09100d0000 nmethod 35 0x00007f0901114050 code [0x00007f0901114200, 0x00007f0901114778]

GC Heap History (0 events):
No events

Deoptimization events (0 events):
No events

Internal exceptions (2 events):
Event: 0.031 Thread 0x00007f091000c800 Exception <a 'java/lang/NoSuchMethodError': Method sun.misc.Unsafe.defineClass(Ljava/lang/String;[BII)Ljava/lang/Class; name or signature does not match> (0x000000076ce12b90) thrown at [/HUDSON/workspace/8-2-build-linux-amd64/jdk8u65/4987/hotspot/src/shar
Event: 0.031 Thread 0x00007f091000c800 Exception <a 'java/lang/NoSuchMethodError': Method sun.misc.Unsafe.prefetchRead(Ljava/lang/Object;J)V name or signature does not match> (0x000000076ce12e78) thrown at [/HUDSON/workspace/8-2-build-linux-amd64/jdk8u65/4987/hotspot/src/share/vm/prims/jni.cpp

Events (10 events):
Event: 284.766 Executing VM operation: ChangeBreakpoints
Event: 284.766 Executing VM operation: ChangeBreakpoints done
Event: 284.766 Executing VM operation: ChangeBreakpoints
Event: 284.766 Executing VM operation: ChangeBreakpoints done
Event: 284.767 Executing VM operation: ChangeBreakpoints
Event: 284.767 Executing VM operation: ChangeBreakpoints done
Event: 284.772 Executing VM operation: RedefineClasses
Event: 284.772 Executing VM operation: RedefineClasses done
Event: 284.783 Executing VM operation: GetOrSetLocal
Event: 284.783 Executing VM operation: GetOrSetLocal done


Dynamic libraries:
00400000-00401000 r-xp 00000000 08:03 14826426                           /usr/java/jdk1.8.0_65/bin/java
00600000-00601000 rw-p 00000000 08:03 14826426                           /usr/java/jdk1.8.0_65/bin/java
0225f000-02280000 rw-p 00000000 00:00 0                                  [heap]
6c6a00000-6d1100000 rw-p 00000000 00:00 0 
6d1100000-76ce00000 ---p 00000000 00:00 0 
76ce00000-772100000 rw-p 00000000 00:00 0 
772100000-7c0000000 ---p 00000000 00:00 0 
7c0000000-7c0080000 rw-p 00000000 00:00 0 
7c0080000-800000000 ---p 00000000 00:00 0 
7f08b0000000-7f08b0021000 rw-p 00000000 00:00 0 
7f08b0021000-7f08b4000000 ---p 00000000 00:00 0 
7f08b4000000-7f08b4021000 rw-p 00000000 00:00 0 
7f08b4021000-7f08b8000000 ---p 00000000 00:00 0 
7f08b8000000-7f08b8021000 rw-p 00000000 00:00 0 
7f08b8021000-7f08bc000000 ---p 00000000 00:00 0 
7f08bc000000-7f08bc02e000 rw-p 00000000 00:00 0 
7f08bc02e000-7f08c0000000 ---p 00000000 00:00 0 
7f08c0000000-7f08c0021000 rw-p 00000000 00:00 0 
7f08c0021000-7f08c4000000 ---p 00000000 00:00 0 
7f08c4000000-7f08c405f000 rw-p 00000000 00:00 0 
7f08c405f000-7f08c8000000 ---p 00000000 00:00 0 
7f08c8000000-7f08c8028000 rw-p 00000000 00:00 0 
7f08c8028000-7f08cc000000 ---p 00000000 00:00 0 
7f08cc000000-7f08cc021000 rw-p 00000000 00:00 0 
7f08cc021000-7f08d0000000 ---p 00000000 00:00 0 
7f08d0000000-7f08d0021000 rw-p 00000000 00:00 0 
7f08d0021000-7f08d4000000 ---p 00000000 00:00 0 
7f08d4000000-7f08d4021000 rw-p 00000000 00:00 0 
7f08d4021000-7f08d8000000 ---p 00000000 00:00 0 
7f08d8000000-7f08d8021000 rw-p 00000000 00:00 0 
7f08d8021000-7f08dc000000 ---p 00000000 00:00 0 
7f08dc350000-7f08e4000000 rw-p 00000000 00:00 0 
7f08e4000000-7f08e4021000 rw-p 00000000 00:00 0 
7f08e4021000-7f08e8000000 ---p 00000000 00:00 0 
7f08e8000000-7f08e8021000 rw-p 00000000 00:00 0 
7f08e8021000-7f08ec000000 ---p 00000000 00:00 0 
7f08ec000000-7f08ec021000 rw-p 00000000 00:00 0 
7f08ec021000-7f08f0000000 ---p 00000000 00:00 0 
7f08f4000000-7f08f4021000 rw-p 00000000 00:00 0 
7f08f4021000-7f08f8000000 ---p 00000000 00:00 0 
7f08f9d84000-7f08fa009000 rw-p 00000000 00:00 0 
7f08fa009000-7f08fa01b000 r--s 00345000 08:03 14826363                   /usr/java/jdk1.8.0_65/jre/lib/resources.jar
7f08fa01b000-7f08fa036000 r--s 001fe000 08:03 14826352                   /usr/java/jdk1.8.0_65/jre/lib/deploy.jar
7f08fa036000-7f08fa037000 ---p 00000000 00:00 0 
7f08fa037000-7f08fa137000 rw-p 00000000 00:00 0                          [stack:25519]
7f08fa137000-7f08fa13a000 ---p 00000000 00:00 0 
7f08fa13a000-7f08fa238000 rw-p 00000000 00:00 0                          [stack:25518]
7f08fa238000-7f08fa23b000 ---p 00000000 00:00 0 
7f08fa23b000-7f08fa339000 rw-p 00000000 00:00 0                          [stack:25517]
7f08fa339000-7f08fa33c000 ---p 00000000 00:00 0 
7f08fa33c000-7f08fa43a000 rw-p 00000000 00:00 0                          [stack:25516]
7f08fa43a000-7f08fa43d000 ---p 00000000 00:00 0 
7f08fa43d000-7f08fa53b000 rw-p 00000000 00:00 0                          [stack:25515]
7f08fa53b000-7f08fa53e000 ---p 00000000 00:00 0 
7f08fa53e000-7f08fa63c000 rw-p 00000000 00:00 0                          [stack:25508]
7f08fa63c000-7f08fa63f000 ---p 00000000 00:00 0 
7f08fa63f000-7f08fa73d000 rw-p 00000000 00:00 0                          [stack:25507]
7f08fa73d000-7f08fa740000 ---p 00000000 00:00 0 
7f08fa740000-7f08fa83e000 rw-p 00000000 00:00 0                          [stack:25504]
7f08fa83e000-7f08fa842000 r-xp 00000000 08:03 14826255                   /usr/java/jdk1.8.0_65/jre/lib/amd64/libdt_socket.so
7f08fa842000-7f08faa41000 ---p 00004000 08:03 14826255                   /usr/java/jdk1.8.0_65/jre/lib/amd64/libdt_socket.so
7f08faa41000-7f08faa42000 rw-p 00003000 08:03 14826255                   /usr/java/jdk1.8.0_65/jre/lib/amd64/libdt_socket.so
7f08faa42000-7f08faa45000 ---p 00000000 00:00 0 
7f08faa45000-7f08fab43000 rw-p 00000000 00:00 0                          [stack:25503]
7f08fab43000-7f08fab46000 ---p 00000000 00:00 0 
7f08fab46000-7f08fac44000 rw-p 00000000 00:00 0                          [stack:25499]
7f08fac44000-7f08fac47000 ---p 00000000 00:00 0 
7f08fac47000-7f08fad45000 rw-p 00000000 00:00 0                          [stack:25498]
7f08fad45000-7f08fad46000 ---p 00000000 00:00 0 
7f08fad46000-7f08fbe28000 rw-p 00000000 00:00 0                          [stack:25497]
7f08fbe28000-7f08fc000000 r--s 03d20000 08:03 14826333                   /usr/java/jdk1.8.0_65/jre/lib/rt.jar
7f08fc000000-7f08fc021000 rw-p 00000000 00:00 0 
7f08fc021000-7f0900000000 ---p 00000000 00:00 0 
7f0900000000-7f0900001000 rw-p 00000000 00:00 0 
7f0900001000-7f0900014000 r--s 000d5000 08:03 14826248                   /usr/java/jdk1.8.0_65/jre/lib/plugin.jar
7f0900014000-7f0900475000 rw-p 00000000 00:00 0 
7f0900475000-7f0900835000 ---p 00000000 00:00 0 
7f0900835000-7f0901000000 rw-p 00000000 00:00 0 
7f0901000000-7f0901270000 rwxp 00000000 00:00 0 
7f0901270000-7f0910000000 ---p 00000000 00:00 0 
7f0910000000-7f091013e000 rw-p 00000000 00:00 0 
7f091013e000-7f0914000000 ---p 00000000 00:00 0 
7f0914000000-7f0914005000 r--s 00083000 08:03 14826334                   /usr/java/jdk1.8.0_65/jre/lib/jfr.jar
7f0914005000-7f091407b000 rw-p 00000000 00:00 0 
7f091407b000-7f091407c000 ---p 00000000 00:00 0 
7f091407c000-7f091417c000 rw-p 00000000 00:00 0                          [stack:25492]
7f091417c000-7f091417d000 ---p 00000000 00:00 0 
7f091417d000-7f091427d000 rw-p 00000000 00:00 0                          [stack:25491]
7f091427d000-7f091427e000 ---p 00000000 00:00 0 
7f091427e000-7f091437e000 rw-p 00000000 00:00 0                          [stack:25490]
7f091437e000-7f091437f000 ---p 00000000 00:00 0 
7f091437f000-7f09144d3000 rw-p 00000000 00:00 0                          [stack:25489]
7f09144d3000-7f09149b1000 ---p 00000000 00:00 0 
7f09149b1000-7f0914a05000 rw-p 00000000 00:00 0 
7f0914a05000-7f0914ee3000 ---p 00000000 00:00 0 
7f0914ee3000-7f0914f0d000 rw-p 00000000 00:00 0 
7f0914f0d000-7f091517c000 ---p 00000000 00:00 0 
7f091517c000-7f0915187000 rw-p 00000000 00:00 0 
7f0915187000-7f091553d000 ---p 00000000 00:00 0 
7f091553d000-7f0915557000 r-xp 00000000 08:03 14826283                   /usr/java/jdk1.8.0_65/jre/lib/amd64/libzip.so
7f0915557000-7f0915757000 ---p 0001a000 08:03 14826283                   /usr/java/jdk1.8.0_65/jre/lib/amd64/libzip.so
7f0915757000-7f0915758000 rw-p 0001a000 08:03 14826283                   /usr/java/jdk1.8.0_65/jre/lib/amd64/libzip.so
7f0915758000-7f0915764000 r-xp 00000000 08:03 21495887                   /lib/x86_64-linux-gnu/libnss_files-2.21.so
7f0915764000-7f0915963000 ---p 0000c000 08:03 21495887                   /lib/x86_64-linux-gnu/libnss_files-2.21.so
7f0915963000-7f0915964000 r--p 0000b000 08:03 21495887                   /lib/x86_64-linux-gnu/libnss_files-2.21.so
7f0915964000-7f0915965000 rw-p 0000c000 08:03 21495887                   /lib/x86_64-linux-gnu/libnss_files-2.21.so
7f0915965000-7f0915970000 r-xp 00000000 08:03 21501026                   /lib/x86_64-linux-gnu/libnss_nis-2.21.so
7f0915970000-7f0915b6f000 ---p 0000b000 08:03 21501026                   /lib/x86_64-linux-gnu/libnss_nis-2.21.so
7f0915b6f000-7f0915b70000 r--p 0000a000 08:03 21501026                   /lib/x86_64-linux-gnu/libnss_nis-2.21.so
7f0915b70000-7f0915b71000 rw-p 0000b000 08:03 21501026                   /lib/x86_64-linux-gnu/libnss_nis-2.21.so
7f0915b71000-7f0915b88000 r-xp 00000000 08:03 21496574                   /lib/x86_64-linux-gnu/libnsl-2.21.so
7f0915b88000-7f0915d87000 ---p 00017000 08:03 21496574                   /lib/x86_64-linux-gnu/libnsl-2.21.so
7f0915d87000-7f0915d88000 r--p 00016000 08:03 21496574                   /lib/x86_64-linux-gnu/libnsl-2.21.so
7f0915d88000-7f0915d89000 rw-p 00017000 08:03 21496574                   /lib/x86_64-linux-gnu/libnsl-2.21.so
7f0915d89000-7f0915d8b000 rw-p 00000000 00:00 0 
7f0915d8b000-7f0915d93000 r-xp 00000000 08:03 21495890                   /lib/x86_64-linux-gnu/libnss_compat-2.21.so
7f0915d93000-7f0915f92000 ---p 00008000 08:03 21495890                   /lib/x86_64-linux-gnu/libnss_compat-2.21.so
7f0915f92000-7f0915f93000 r--p 00007000 08:03 21495890                   /lib/x86_64-linux-gnu/libnss_compat-2.21.so
7f0915f93000-7f0915f94000 rw-p 00008000 08:03 21495890                   /lib/x86_64-linux-gnu/libnss_compat-2.21.so
7f0915f94000-7f0916261000 r--p 00000000 08:03 14685692                   /usr/lib/locale/locale-archive
7f0916261000-7f0916263000 r-xp 00000000 08:03 14826265                   /usr/java/jdk1.8.0_65/jre/lib/amd64/libnpt.so
7f0916263000-7f0916463000 ---p 00002000 08:03 14826265                   /usr/java/jdk1.8.0_65/jre/lib/amd64/libnpt.so
7f0916463000-7f0916464000 rw-p 00002000 08:03 14826265                   /usr/java/jdk1.8.0_65/jre/lib/amd64/libnpt.so
7f0916464000-7f091649d000 r-xp 00000000 08:03 14826272                   /usr/java/jdk1.8.0_65/jre/lib/amd64/libjdwp.so
7f091649d000-7f091669c000 ---p 00039000 08:03 14826272                   /usr/java/jdk1.8.0_65/jre/lib/amd64/libjdwp.so
7f091669c000-7f091669e000 rw-p 00038000 08:03 14826272                   /usr/java/jdk1.8.0_65/jre/lib/amd64/libjdwp.so
7f091669e000-7f09166c8000 r-xp 00000000 08:03 14826261                   /usr/java/jdk1.8.0_65/jre/lib/amd64/libjava.so
7f09166c8000-7f09168c8000 ---p 0002a000 08:03 14826261                   /usr/java/jdk1.8.0_65/jre/lib/amd64/libjava.so
7f09168c8000-7f09168ca000 rw-p 0002a000 08:03 14826261                   /usr/java/jdk1.8.0_65/jre/lib/amd64/libjava.so
7f09168ca000-7f09168d7000 r-xp 00000000 08:03 14826277                   /usr/java/jdk1.8.0_65/jre/lib/amd64/libverify.so
7f09168d7000-7f0916ad7000 ---p 0000d000 08:03 14826277                   /usr/java/jdk1.8.0_65/jre/lib/amd64/libverify.so
7f0916ad7000-7f0916ad9000 rw-p 0000d000 08:03 14826277                   /usr/java/jdk1.8.0_65/jre/lib/amd64/libverify.so
7f0916ad9000-7f0916ae0000 r-xp 00000000 08:03 21495879                   /lib/x86_64-linux-gnu/librt-2.21.so
7f0916ae0000-7f0916cdf000 ---p 00007000 08:03 21495879                   /lib/x86_64-linux-gnu/librt-2.21.so
7f0916cdf000-7f0916ce0000 r--p 00006000 08:03 21495879                   /lib/x86_64-linux-gnu/librt-2.21.so
7f0916ce0000-7f0916ce1000 rw-p 00007000 08:03 21495879                   /lib/x86_64-linux-gnu/librt-2.21.so
7f0916ce1000-7f0916de8000 r-xp 00000000 08:03 21501406                   /lib/x86_64-linux-gnu/libm-2.21.so
7f0916de8000-7f0916fe7000 ---p 00107000 08:03 21501406                   /lib/x86_64-linux-gnu/libm-2.21.so
7f0916fe7000-7f0916fe8000 r--p 00106000 08:03 21501406                   /lib/x86_64-linux-gnu/libm-2.21.so
7f0916fe8000-7f0916fe9000 rw-p 00107000 08:03 21501406                   /lib/x86_64-linux-gnu/libm-2.21.so
7f0916fe9000-7f0917ca7000 r-xp 00000000 08:03 14826299                   /usr/java/jdk1.8.0_65/jre/lib/amd64/server/libjvm.so
7f0917ca7000-7f0917ea6000 ---p 00cbe000 08:03 14826299                   /usr/java/jdk1.8.0_65/jre/lib/amd64/server/libjvm.so
7f0917ea6000-7f0917f7e000 rw-p 00cbd000 08:03 14826299                   /usr/java/jdk1.8.0_65/jre/lib/amd64/server/libjvm.so
7f0917f7e000-7f0917fc3000 rw-p 00000000 00:00 0 
7f0917fc3000-7f0918183000 r-xp 00000000 08:03 21501407                   /lib/x86_64-linux-gnu/libc-2.21.so
7f0918183000-7f0918383000 ---p 001c0000 08:03 21501407                   /lib/x86_64-linux-gnu/libc-2.21.so
7f0918383000-7f0918387000 r--p 001c0000 08:03 21501407                   /lib/x86_64-linux-gnu/libc-2.21.so
7f0918387000-7f0918389000 rw-p 001c4000 08:03 21501407                   /lib/x86_64-linux-gnu/libc-2.21.so
7f0918389000-7f091838d000 rw-p 00000000 00:00 0 
7f091838d000-7f0918390000 r-xp 00000000 08:03 21501024                   /lib/x86_64-linux-gnu/libdl-2.21.so
7f0918390000-7f091858f000 ---p 00003000 08:03 21501024                   /lib/x86_64-linux-gnu/libdl-2.21.so
7f091858f000-7f0918590000 r--p 00002000 08:03 21501024                   /lib/x86_64-linux-gnu/libdl-2.21.so
7f0918590000-7f0918591000 rw-p 00003000 08:03 21501024                   /lib/x86_64-linux-gnu/libdl-2.21.so
7f0918591000-7f09185a6000 r-xp 00000000 08:03 14706159                   /usr/java/jdk1.8.0_65/lib/amd64/jli/libjli.so
7f09185a6000-7f09187a6000 ---p 00015000 08:03 14706159                   /usr/java/jdk1.8.0_65/lib/amd64/jli/libjli.so
7f09187a6000-7f09187a7000 rw-p 00015000 08:03 14706159                   /usr/java/jdk1.8.0_65/lib/amd64/jli/libjli.so
7f09187a7000-7f09187bf000 r-xp 00000000 08:03 21495884                   /lib/x86_64-linux-gnu/libpthread-2.21.so
7f09187bf000-7f09189bf000 ---p 00018000 08:03 21495884                   /lib/x86_64-linux-gnu/libpthread-2.21.so
7f09189bf000-7f09189c0000 r--p 00018000 08:03 21495884                   /lib/x86_64-linux-gnu/libpthread-2.21.so
7f09189c0000-7f09189c1000 rw-p 00019000 08:03 21495884                   /lib/x86_64-linux-gnu/libpthread-2.21.so
7f09189c1000-7f09189c5000 rw-p 00000000 00:00 0 
7f09189c5000-7f09189e9000 r-xp 00000000 08:03 21499508                   /lib/x86_64-linux-gnu/ld-2.21.so
7f09189e9000-7f0918aba000 rw-p 00000000 00:00 0 
7f0918aba000-7f0918abd000 ---p 00000000 00:00 0 
7f0918abd000-7f0918bc0000 rw-p 00000000 00:00 0                          [stack:25485]
7f0918bc0000-7f0918bc1000 rw-p 00000000 00:00 0 
7f0918bc1000-7f0918bc3000 r--s 00007000 08:03 14826366                   /usr/java/jdk1.8.0_65/jre/lib/jfxswt.jar
7f0918bc3000-7f0918bc4000 r--s 00000000 08:03 14826330                   /usr/java/jdk1.8.0_65/jre/lib/management-agent.jar
7f0918bc4000-7f0918bc7000 r--s 0001a000 08:03 14826250                   /usr/java/jdk1.8.0_65/jre/lib/jce.jar
7f0918bc7000-7f0918bd1000 r--s 0006b000 08:03 14826143                   /usr/java/jdk1.8.0_65/jre/lib/javaws.jar
7f0918bd1000-7f0918bd6000 r--s 00096000 08:03 14826336                   /usr/java/jdk1.8.0_65/jre/lib/jsse.jar
7f0918bd6000-7f0918bdc000 r--s 002f8000 08:03 14826249                   /usr/java/jdk1.8.0_65/jre/lib/charsets.jar
7f0918bdc000-7f0918be4000 rw-s 00000000 08:03 21235889                   /tmp/hsperfdata_root/25484
7f0918be4000-7f0918be5000 rw-p 00000000 00:00 0 
7f0918be5000-7f0918be6000 r--p 00000000 00:00 0 
7f0918be6000-7f0918be8000 rw-p 00000000 00:00 0 
7f0918be8000-7f0918be9000 r--p 00023000 08:03 21499508                   /lib/x86_64-linux-gnu/ld-2.21.so
7f0918be9000-7f0918bea000 rw-p 00024000 08:03 21499508                   /lib/x86_64-linux-gnu/ld-2.21.so
7f0918bea000-7f0918beb000 rw-p 00000000 00:00 0 
7ffe73d60000-7ffe73d81000 rw-p 00000000 00:00 0                          [stack]
7ffe73db7000-7ffe73db9000 r--p 00000000 00:00 0                          [vvar]
7ffe73db9000-7ffe73dbb000 r-xp 00000000 00:00 0                          [vdso]
ffffffffff600000-ffffffffff601000 r-xp 00000000 00:00 0                  [vsyscall]

VM Arguments:
jvm_args: -agentlib:jdwp=transport=dt_socket,address=127.0.0.1:37880,suspend=y,server=n -Dfile.encoding=UTF-8 
java_command: com.Array.ArrayMain
java_class_path (initial): /usr/java/jdk1.8.0_65/jre/lib/charsets.jar:/usr/java/jdk1.8.0_65/jre/lib/jsse.jar:/usr/java/jdk1.8.0_65/jre/lib/rt.jar:/usr/java/jdk1.8.0_65/jre/lib/javaws.jar:/usr/java/jdk1.8.0_65/jre/lib/jce.jar:/usr/java/jdk1.8.0_65/jre/lib/plugin.jar:/usr/java/jdk1.8.0_65/jre/lib/deploy.jar:/usr/java/jdk1.8.0_65/jre/lib/management-agent.jar:/usr/java/jdk1.8.0_65/jre/lib/jfr.jar:/usr/java/jdk1.8.0_65/jre/lib/jfxswt.jar:/usr/java/jdk1.8.0_65/jre/lib/resources.jar:/usr/java/jdk1.8.0_65/jre/lib/ext/jfxrt.jar:/usr/java/jdk1.8.0_65/jre/lib/ext/sunjce_provider.jar:/usr/java/jdk1.8.0_65/jre/lib/ext/dnsns.jar:/usr/java/jdk1.8.0_65/jre/lib/ext/jaccess.jar:/usr/java/jdk1.8.0_65/jre/lib/ext/sunec.jar:/usr/java/jdk1.8.0_65/jre/lib/ext/localedata.jar:/usr/java/jdk1.8.0_65/jre/lib/ext/zipfs.jar:/usr/java/jdk1.8.0_65/jre/lib/ext/cldrdata.jar:/usr/java/jdk1.8.0_65/jre/lib/ext/sunpkcs11.jar:/usr/java/jdk1.8.0_65/jre/lib/ext/nashorn.jar:/opt/Technology/DSProblems/out/production/PractiseCodes:/home/alok/Downloads/junit/junit-4.12.jar:/home/alok/Downloads/junit/hamcrest-core-1.3.jar:/opt/idea-IU-141.2735.5/lib/idea_rt.jar
Launcher Type: SUN_STANDARD

Environment Variables:
JAVA_HOME=/usr/java/jdk1.8.0_65/
PATH=/opt/PlayFramework/activator-1.3.7-minimal:/usr/java/jdk1.8.0_65/bin:/usr/local/sbin:/usr/local/bin:/usr/sbin:/usr/bin:/sbin:/bin:/usr/games:/usr/local/games:/opt/AppDevelopment/adt-bundle-linux-x86_64-20140702/eclipse:/opt/AppDevelopment/Android/sdk
USERNAME=root
LD_LIBRARY_PATH=.:
SHELL=/bin/bash
DISPLAY=:1

Signal Handlers:
SIGSEGV: [libjvm.so+0xaba070], sa_mask[0]=11111111011111111101111111111110, sa_flags=SA_RESTART|SA_SIGINFO
SIGBUS: [libjvm.so+0xaba070], sa_mask[0]=11111111011111111101111111111110, sa_flags=SA_RESTART|SA_SIGINFO
SIGFPE: [libjvm.so+0x917630], sa_mask[0]=11111111011111111101111111111110, sa_flags=SA_RESTART|SA_SIGINFO
SIGPIPE: [libjvm.so+0x917630], sa_mask[0]=11111111011111111101111111111110, sa_flags=SA_RESTART|SA_SIGINFO
SIGXFSZ: [libjvm.so+0x917630], sa_mask[0]=11111111011111111101111111111110, sa_flags=SA_RESTART|SA_SIGINFO
SIGILL: [libjvm.so+0x917630], sa_mask[0]=11111111011111111101111111111110, sa_flags=SA_RESTART|SA_SIGINFO
SIGUSR1: SIG_DFL, sa_mask[0]=00000000000000000000000000000000, sa_flags=none
SIGUSR2: [libjvm.so+0x918c60], sa_mask[0]=00100000000000000000000000000000, sa_flags=SA_RESTART|SA_SIGINFO
SIGHUP: [libjvm.so+0x91a060], sa_mask[0]=11111111011111111101111111111110, sa_flags=SA_RESTART|SA_SIGINFO
SIGINT: [libjvm.so+0x91a060], sa_mask[0]=11111111011111111101111111111110, sa_flags=SA_RESTART|SA_SIGINFO
SIGTERM: [libjvm.so+0x91a060], sa_mask[0]=11111111011111111101111111111110, sa_flags=SA_RESTART|SA_SIGINFO
SIGQUIT: [libjvm.so+0x91a060], sa_mask[0]=11111111011111111101111111111110, sa_flags=SA_RESTART|SA_SIGINFO


---------------  S Y S T E M  ---------------

OS:DISTRIB_ID=Ubuntu
DISTRIB_RELEASE=15.10
DISTRIB_CODENAME=wily
DISTRIB_DESCRIPTION="Ubuntu 15.10"

uname:Linux 4.2.0-30-generic #36-Ubuntu SMP Fri Feb 26 00:58:07 UTC 2016 x86_64
libc:glibc 2.21 NPTL 2.21 
rlimit: STACK 8192k, CORE 0k, NPROC 63678, NOFILE 65536, AS infinity
load average:1.61 0.84 0.62

/proc/meminfo:
MemTotal:       16336808 kB
MemFree:         4178736 kB
MemAvailable:   10628048 kB
Buffers:          667912 kB
Cached:          5433152 kB
SwapCached:            0 kB
Active:          9161736 kB
Inactive:        2058324 kB
Active(anon):    5124276 kB
Inactive(anon):   304100 kB
Active(file):    4037460 kB
Inactive(file):  1754224 kB
Unevictable:         632 kB
Mlocked:             632 kB
SwapTotal:      16580604 kB
SwapFree:       16580604 kB
Dirty:             15640 kB
Writeback:             0 kB
AnonPages:       5119876 kB
Mapped:           542440 kB
Shmem:            309384 kB
Slab:             781076 kB
SReclaimable:     718012 kB
SUnreclaim:        63064 kB
KernelStack:       16880 kB
PageTables:        64048 kB
NFS_Unstable:          0 kB
Bounce:                0 kB
WritebackTmp:          0 kB
CommitLimit:    24749008 kB
Committed_AS:   12381380 kB
VmallocTotal:   34359738367 kB
VmallocUsed:      373616 kB
VmallocChunk:   34358947836 kB
HardwareCorrupted:     0 kB
AnonHugePages:   3049472 kB
CmaTotal:              0 kB
CmaFree:               0 kB
HugePages_Total:       0
HugePages_Free:        0
HugePages_Rsvd:        0
HugePages_Surp:        0
Hugepagesize:       2048 kB
DirectMap4k:      276380 kB
DirectMap2M:    12210176 kB
DirectMap1G:     5242880 kB


CPU:total 4 (2 cores per cpu, 2 threads per core) family 6 model 69 stepping 1, cmov, cx8, fxsr, mmx, sse, sse2, sse3, ssse3, sse4.1, sse4.2, popcnt, avx, avx2, aes, clmul, erms, rtm, lzcnt, ht, tsc, tscinvbit, bmi1, bmi2

/proc/cpuinfo:
processor	: 0
vendor_id	: GenuineIntel
cpu family	: 6
model		: 69
model name	: Intel(R) Core(TM) i5-4310U CPU @ 2.00GHz
stepping	: 1
microcode	: 0x17
cpu MHz		: 2699.937
cache size	: 3072 KB
physical id	: 0
siblings	: 4
core id		: 0
cpu cores	: 2
apicid		: 0
initial apicid	: 0
fpu		: yes
fpu_exception	: yes
cpuid level	: 13
wp		: yes
flags		: fpu vme de pse tsc msr pae mce cx8 apic sep mtrr pge mca cmov pat pse36 clflush dts acpi mmx fxsr sse sse2 ss ht tm pbe syscall nx pdpe1gb rdtscp lm constant_tsc arch_perfmon pebs bts rep_good nopl xtopology nonstop_tsc aperfmperf eagerfpu pni pclmulqdq dtes64 monitor ds_cpl vmx smx est tm2 ssse3 fma cx16 xtpr pdcm pcid sse4_1 sse4_2 x2apic movbe popcnt tsc_deadline_timer aes xsave avx f16c rdrand lahf_lm abm ida arat epb pln pts dtherm tpr_shadow vnmi flexpriority ept vpid fsgsbase tsc_adjust bmi1 hle avx2 smep bmi2 erms invpcid rtm xsaveopt
bugs		:
bogomips	: 5188.22
clflush size	: 64
cache_alignment	: 64
address sizes	: 39 bits physical, 48 bits virtual
power management:

processor	: 1
vendor_id	: GenuineIntel
cpu family	: 6
model		: 69
model name	: Intel(R) Core(TM) i5-4310U CPU @ 2.00GHz
stepping	: 1
microcode	: 0x17
cpu MHz		: 2699.937
cache size	: 3072 KB
physical id	: 0
siblings	: 4
core id		: 1
cpu cores	: 2
apicid		: 2
initial apicid	: 2
fpu		: yes
fpu_exception	: yes
cpuid level	: 13
wp		: yes
flags		: fpu vme de pse tsc msr pae mce cx8 apic sep mtrr pge mca cmov pat pse36 clflush dts acpi mmx fxsr sse sse2 ss ht tm pbe syscall nx pdpe1gb rdtscp lm constant_tsc arch_perfmon pebs bts rep_good nopl xtopology nonstop_tsc aperfmperf eagerfpu pni pclmulqdq dtes64 monitor ds_cpl vmx smx est tm2 ssse3 fma cx16 xtpr pdcm pcid sse4_1 sse4_2 x2apic movbe popcnt tsc_deadline_timer aes xsave avx f16c rdrand lahf_lm abm ida arat epb pln pts dtherm tpr_shadow vnmi flexpriority ept vpid fsgsbase tsc_adjust bmi1 hle avx2 smep bmi2 erms invpcid rtm xsaveopt
bugs		:
bogomips	: 5188.22
clflush size	: 64
cache_alignment	: 64
address sizes	: 39 bits physical, 48 bits virtual
power management:

processor	: 2
vendor_id	: GenuineIntel
cpu family	: 6
model		: 69
model name	: Intel(R) Core(TM) i5-4310U CPU @ 2.00GHz
stepping	: 1
microcode	: 0x17
cpu MHz		: 2699.937
cache size	: 3072 KB
physical id	: 0
siblings	: 4
core id		: 0
cpu cores	: 2
apicid		: 1
initial apicid	: 1
fpu		: yes
fpu_exception	: yes
cpuid level	: 13
wp		: yes
flags		: fpu vme de pse tsc msr pae mce cx8 apic sep mtrr pge mca cmov pat pse36 clflush dts acpi mmx fxsr sse sse2 ss ht tm pbe syscall nx pdpe1gb rdtscp lm constant_tsc arch_perfmon pebs bts rep_good nopl xtopology nonstop_tsc aperfmperf eagerfpu pni pclmulqdq dtes64 monitor ds_cpl vmx smx est tm2 ssse3 fma cx16 xtpr pdcm pcid sse4_1 sse4_2 x2apic movbe popcnt tsc_deadline_timer aes xsave avx f16c rdrand lahf_lm abm ida arat epb pln pts dtherm tpr_shadow vnmi flexpriority ept vpid fsgsbase tsc_adjust bmi1 hle avx2 smep bmi2 erms invpcid rtm xsaveopt
bugs		:
bogomips	: 5188.22
clflush size	: 64
cache_alignment	: 64
address sizes	: 39 bits physical, 48 bits virtual
power management:

processor	: 3
vendor_id	: GenuineIntel
cpu family	: 6
model		: 69
model name	: Intel(R) Core(TM) i5-4310U CPU @ 2.00GHz
stepping	: 1
microcode	: 0x17
cpu MHz		: 2699.937
cache size	: 3072 KB
physical id	: 0
siblings	: 4
core id		: 1
cpu cores	: 2
apicid		: 3
initial apicid	: 3
fpu		: yes
fpu_exception	: yes
cpuid level	: 13
wp		: yes
flags		: fpu vme de pse tsc msr pae mce cx8 apic sep mtrr pge mca cmov pat pse36 clflush dts acpi mmx fxsr sse sse2 ss ht tm pbe syscall nx pdpe1gb rdtscp lm constant_tsc arch_perfmon pebs bts rep_good nopl xtopology nonstop_tsc aperfmperf eagerfpu pni pclmulqdq dtes64 monitor ds_cpl vmx smx est tm2 ssse3 fma cx16 xtpr pdcm pcid sse4_1 sse4_2 x2apic movbe popcnt tsc_deadline_timer aes xsave avx f16c rdrand lahf_lm abm ida arat epb pln pts dtherm tpr_shadow vnmi flexpriority ept vpid fsgsbase tsc_adjust bmi1 hle avx2 smep bmi2 erms invpcid rtm xsaveopt
bugs		:
bogomips	: 5188.22
clflush size	: 64
cache_alignment	: 64
address sizes	: 39 bits physical, 48 bits virtual
power management:



Memory: 4k page, physical 16336808k(4178736k free), swap 16580604k(16580604k free)

vm_info: Java HotSpot(TM) 64-Bit Server VM (25.65-b01) for linux-amd64 JRE (1.8.0_65-b17), built on Oct  6 2015 17:16:12 by "java_re" with gcc 4.3.0 20080428 (Red Hat 4.3.0-8)

time: Tue May 17 15:39:58 2016
elapsed time: 284 seconds (0d 0h 4m 44s)

